TN:
SF:src/runner.js
FN:3,run
FNF:1
FNH:1
FNDA:1,run
DA:1,1
DA:2,1
DA:3,1
DA:4,1
DA:5,1
DA:6,1
DA:7,1
DA:8,1
DA:9,1
DA:10,1
DA:11,1
DA:12,1
DA:13,1
DA:14,1
DA:15,1
LF:15
LH:15
BRDA:3,0,0,1
BRF:1
BRH:1
end_of_record
TN:
SF:src/service.js
FN:4,<instance_members_initializer>
FN:6,Service
FN:11,createHero
FN:20,listHeroes
FNF:4
FNH:4
FNDA:1,<instance_members_initializer>
FNDA:1,Service
FNDA:1,createHero
FNDA:1,listHeroes
DA:1,1
DA:2,1
DA:3,1
DA:4,1
DA:5,1
DA:6,1
DA:7,1
DA:8,1
DA:9,1
DA:10,1
DA:11,1
DA:12,1
DA:13,1
DA:14,1
DA:15,1
DA:16,1
DA:17,1
DA:18,1
DA:19,1
DA:20,1
DA:21,1
DA:22,1
DA:23,1
LF:23
LH:23
BRDA:4,0,0,1
BRDA:6,1,0,1
BRDA:11,2,0,1
BRDA:20,3,0,1
BRF:4
BRH:4
end_of_record
