{"/Users/thiagohofmeister/dev/workspace/tajs/modulo03-conceitos-tajs/aula06-e2e-tests/src/index.js": {"path":"/Users/thiagohofmeister/dev/workspace/tajs/modulo03-conceitos-tajs/aula06-e2e-tests/src/index.js","all":false,"statementMap":{"0":{"start":{"line":1,"column":0},"end":{"line":1,"column":32}},"1":{"start":{"line":2,"column":0},"end":{"line":2,"column":0}},"2":{"start":{"line":3,"column":0},"end":{"line":3,"column":38}},"3":{"start":{"line":4,"column":0},"end":{"line":4,"column":41}},"4":{"start":{"line":5,"column":0},"end":{"line":5,"column":39}},"5":{"start":{"line":6,"column":0},"end":{"line":6,"column":80}},"6":{"start":{"line":7,"column":0},"end":{"line":7,"column":4}},"7":{"start":{"line":8,"column":0},"end":{"line":8,"column":1}},"8":{"start":{"line":9,"column":0},"end":{"line":9,"column":0}},"9":{"start":{"line":10,"column":0},"end":{"line":10,"column":21}},"10":{"start":{"line":11,"column":0},"end":{"line":11,"column":0}},"11":{"start":{"line":12,"column":0},"end":{"line":12,"column":2}},"12":{"start":{"line":13,"column":0},"end":{"line":13,"column":11}},"13":{"start":{"line":14,"column":0},"end":{"line":14,"column":11}},"14":{"start":{"line":15,"column":0},"end":{"line":15,"column":39}},"15":{"start":{"line":16,"column":0},"end":{"line":16,"column":7}},"16":{"start":{"line":17,"column":0},"end":{"line":17,"column":32}},"17":{"start":{"line":18,"column":0},"end":{"line":18,"column":27}},"18":{"start":{"line":19,"column":0},"end":{"line":19,"column":6}},"19":{"start":{"line":20,"column":0},"end":{"line":20,"column":31}},"20":{"start":{"line":21,"column":0},"end":{"line":21,"column":2}}},"s":{"0":1,"1":1,"2":1,"3":1,"4":1,"5":1,"6":1,"7":1,"8":1,"9":1,"10":1,"11":1,"12":1,"13":1,"14":1,"15":1,"16":1,"17":1,"18":1,"19":1,"20":1},"branchMap":{"0":{"type":"branch","line":4,"loc":{"start":{"line":4,"column":34},"end":{"line":7,"column":3}},"locations":[{"start":{"line":4,"column":34},"end":{"line":7,"column":3}}]}},"b":{"0":[1]},"fnMap":{},"f":{}}
,"/Users/thiagohofmeister/dev/workspace/tajs/modulo03-conceitos-tajs/aula06-e2e-tests/src/person.js": {"path":"/Users/thiagohofmeister/dev/workspace/tajs/modulo03-conceitos-tajs/aula06-e2e-tests/src/person.js","all":false,"statementMap":{"0":{"start":{"line":1,"column":0},"end":{"line":1,"column":14}},"1":{"start":{"line":2,"column":0},"end":{"line":2,"column":27}},"2":{"start":{"line":3,"column":0},"end":{"line":3,"column":57}},"3":{"start":{"line":4,"column":0},"end":{"line":4,"column":55}},"4":{"start":{"line":5,"column":0},"end":{"line":5,"column":3}},"5":{"start":{"line":6,"column":0},"end":{"line":6,"column":0}},"6":{"start":{"line":7,"column":0},"end":{"line":7,"column":25}},"7":{"start":{"line":8,"column":0},"end":{"line":8,"column":54}},"8":{"start":{"line":9,"column":0},"end":{"line":9,"column":12}},"9":{"start":{"line":10,"column":0},"end":{"line":10,"column":41}},"10":{"start":{"line":11,"column":0},"end":{"line":11,"column":11}},"11":{"start":{"line":12,"column":0},"end":{"line":12,"column":35}},"12":{"start":{"line":13,"column":0},"end":{"line":13,"column":5}},"13":{"start":{"line":14,"column":0},"end":{"line":14,"column":3}},"14":{"start":{"line":15,"column":0},"end":{"line":15,"column":0}},"15":{"start":{"line":16,"column":0},"end":{"line":16,"column":23}},"16":{"start":{"line":17,"column":0},"end":{"line":17,"column":67}},"17":{"start":{"line":18,"column":0},"end":{"line":18,"column":78}},"18":{"start":{"line":19,"column":0},"end":{"line":19,"column":5}},"19":{"start":{"line":20,"column":0},"end":{"line":20,"column":0}},"20":{"start":{"line":21,"column":0},"end":{"line":21,"column":50}},"21":{"start":{"line":22,"column":0},"end":{"line":22,"column":3}},"22":{"start":{"line":23,"column":0},"end":{"line":23,"column":0}},"23":{"start":{"line":24,"column":0},"end":{"line":24,"column":26}},"24":{"start":{"line":25,"column":0},"end":{"line":25,"column":25}},"25":{"start":{"line":26,"column":0},"end":{"line":26,"column":47}},"26":{"start":{"line":27,"column":0},"end":{"line":27,"column":30}},"27":{"start":{"line":28,"column":0},"end":{"line":28,"column":15}},"28":{"start":{"line":29,"column":0},"end":{"line":29,"column":3}},"29":{"start":{"line":30,"column":0},"end":{"line":30,"column":1}},"30":{"start":{"line":31,"column":0},"end":{"line":31,"column":0}},"31":{"start":{"line":32,"column":0},"end":{"line":32,"column":21}}},"s":{"0":1,"1":1,"2":4,"3":4,"4":4,"5":1,"6":1,"7":2,"8":2,"9":2,"10":2,"11":2,"12":2,"13":2,"14":1,"15":1,"16":2,"17":1,"18":1,"19":1,"20":1,"21":1,"22":1,"23":1,"24":4,"25":4,"26":4,"27":4,"28":4,"29":1,"30":1,"31":1},"branchMap":{"0":{"type":"branch","line":2,"loc":{"start":{"line":2,"column":9},"end":{"line":5,"column":3}},"locations":[{"start":{"line":2,"column":9},"end":{"line":5,"column":3}}]},"1":{"type":"branch","line":3,"loc":{"start":{"line":3,"column":22},"end":{"line":3,"column":57}},"locations":[{"start":{"line":3,"column":22},"end":{"line":3,"column":57}}]},"2":{"type":"branch","line":4,"loc":{"start":{"line":4,"column":-1},"end":{"line":4,"column":21}},"locations":[{"start":{"line":4,"column":-1},"end":{"line":4,"column":21}}]},"3":{"type":"branch","line":4,"loc":{"start":{"line":4,"column":21},"end":{"line":4,"column":55}},"locations":[{"start":{"line":4,"column":21},"end":{"line":4,"column":55}}]},"4":{"type":"branch","line":7,"loc":{"start":{"line":7,"column":9},"end":{"line":14,"column":3}},"locations":[{"start":{"line":7,"column":9},"end":{"line":14,"column":3}}]},"5":{"type":"branch","line":16,"loc":{"start":{"line":16,"column":9},"end":{"line":22,"column":3}},"locations":[{"start":{"line":16,"column":9},"end":{"line":22,"column":3}}]},"6":{"type":"branch","line":17,"loc":{"start":{"line":17,"column":66},"end":{"line":22,"column":3}},"locations":[{"start":{"line":17,"column":66},"end":{"line":22,"column":3}}]},"7":{"type":"branch","line":17,"loc":{"start":{"line":17,"column":43},"end":{"line":17,"column":63}},"locations":[{"start":{"line":17,"column":43},"end":{"line":17,"column":63}}]},"8":{"type":"branch","line":24,"loc":{"start":{"line":24,"column":9},"end":{"line":29,"column":3}},"locations":[{"start":{"line":24,"column":9},"end":{"line":29,"column":3}}]}},"b":{"0":[4],"1":[1],"2":[3],"3":[1],"4":[2],"5":[2],"6":[1],"7":[6],"8":[4]},"fnMap":{"0":{"name":"validate","decl":{"start":{"line":2,"column":9},"end":{"line":5,"column":3}},"loc":{"start":{"line":2,"column":9},"end":{"line":5,"column":3}},"line":2},"1":{"name":"format","decl":{"start":{"line":7,"column":9},"end":{"line":14,"column":3}},"loc":{"start":{"line":7,"column":9},"end":{"line":14,"column":3}},"line":7},"2":{"name":"save","decl":{"start":{"line":16,"column":9},"end":{"line":22,"column":3}},"loc":{"start":{"line":16,"column":9},"end":{"line":22,"column":3}},"line":16},"3":{"name":"process","decl":{"start":{"line":24,"column":9},"end":{"line":29,"column":3}},"loc":{"start":{"line":24,"column":9},"end":{"line":29,"column":3}},"line":24}},"f":{"0":4,"1":2,"2":2,"3":4}}
,"/Users/thiagohofmeister/dev/workspace/tajs/modulo03-conceitos-tajs/aula06-e2e-tests/src/server.js": {"path":"/Users/thiagohofmeister/dev/workspace/tajs/modulo03-conceitos-tajs/aula06-e2e-tests/src/server.js","all":false,"statementMap":{"0":{"start":{"line":1,"column":0},"end":{"line":1,"column":34}},"1":{"start":{"line":2,"column":0},"end":{"line":2,"column":40}},"2":{"start":{"line":3,"column":0},"end":{"line":3,"column":32}},"3":{"start":{"line":4,"column":0},"end":{"line":4,"column":0}},"4":{"start":{"line":5,"column":0},"end":{"line":5,"column":58}},"5":{"start":{"line":6,"column":0},"end":{"line":6,"column":64}},"6":{"start":{"line":7,"column":0},"end":{"line":7,"column":27}},"7":{"start":{"line":8,"column":0},"end":{"line":8,"column":18}},"8":{"start":{"line":9,"column":0},"end":{"line":9,"column":10}},"9":{"start":{"line":10,"column":0},"end":{"line":10,"column":3}},"10":{"start":{"line":11,"column":0},"end":{"line":11,"column":0}},"11":{"start":{"line":12,"column":0},"end":{"line":12,"column":7}},"12":{"start":{"line":13,"column":0},"end":{"line":13,"column":57}},"13":{"start":{"line":14,"column":0},"end":{"line":14,"column":51}},"14":{"start":{"line":15,"column":0},"end":{"line":15,"column":51}},"15":{"start":{"line":16,"column":0},"end":{"line":16,"column":19}},"16":{"start":{"line":17,"column":0},"end":{"line":17,"column":45}},"17":{"start":{"line":18,"column":0},"end":{"line":18,"column":29}},"18":{"start":{"line":19,"column":0},"end":{"line":19,"column":21}},"19":{"start":{"line":20,"column":0},"end":{"line":20,"column":24}},"20":{"start":{"line":21,"column":0},"end":{"line":21,"column":41}},"21":{"start":{"line":22,"column":0},"end":{"line":22,"column":11}},"22":{"start":{"line":23,"column":0},"end":{"line":23,"column":7}},"23":{"start":{"line":24,"column":0},"end":{"line":24,"column":20}},"24":{"start":{"line":25,"column":0},"end":{"line":25,"column":12}},"25":{"start":{"line":26,"column":0},"end":{"line":26,"column":5}},"26":{"start":{"line":27,"column":0},"end":{"line":27,"column":0}},"27":{"start":{"line":28,"column":0},"end":{"line":28,"column":36}},"28":{"start":{"line":29,"column":0},"end":{"line":29,"column":27}},"29":{"start":{"line":30,"column":0},"end":{"line":30,"column":18}},"30":{"start":{"line":31,"column":0},"end":{"line":31,"column":3}},"31":{"start":{"line":32,"column":0},"end":{"line":32,"column":2}},"32":{"start":{"line":33,"column":0},"end":{"line":33,"column":0}},"33":{"start":{"line":34,"column":0},"end":{"line":34,"column":21}}},"s":{"0":1,"1":1,"2":1,"3":1,"4":1,"5":5,"6":1,"7":1,"8":1,"9":1,"10":4,"11":4,"12":4,"13":4,"14":4,"15":5,"16":3,"17":2,"18":2,"19":2,"20":2,"21":2,"22":2,"23":2,"24":2,"25":2,"26":1,"27":1,"28":1,"29":1,"30":1,"31":5,"32":1,"33":1},"branchMap":{"0":{"type":"branch","line":5,"loc":{"start":{"line":5,"column":28},"end":{"line":32,"column":2}},"locations":[{"start":{"line":5,"column":28},"end":{"line":32,"column":2}}]},"1":{"type":"branch","line":6,"loc":{"start":{"line":6,"column":63},"end":{"line":10,"column":3}},"locations":[{"start":{"line":6,"column":63},"end":{"line":10,"column":3}}]},"2":{"type":"branch","line":10,"loc":{"start":{"line":10,"column":2},"end":{"line":16,"column":4}},"locations":[{"start":{"line":10,"column":2},"end":{"line":16,"column":4}}]},"3":{"type":"branch","line":16,"loc":{"start":{"line":16,"column":4},"end":{"line":31,"column":3}},"locations":[{"start":{"line":16,"column":4},"end":{"line":31,"column":3}}]},"4":{"type":"branch","line":17,"loc":{"start":{"line":17,"column":44},"end":{"line":26,"column":5}},"locations":[{"start":{"line":17,"column":44},"end":{"line":26,"column":5}}]},"5":{"type":"branch","line":26,"loc":{"start":{"line":26,"column":4},"end":{"line":31,"column":3}},"locations":[{"start":{"line":26,"column":4},"end":{"line":31,"column":3}}]}},"b":{"0":[5],"1":[1],"2":[4],"3":[3],"4":[2],"5":[1]},"fnMap":{},"f":{}}
}
