<?xml version="1.0" encoding="UTF-8"?>
<coverage generated="1713726864022" clover="3.2.0">
  <project timestamp="1713726864022" name="All files">
    <metrics statements="34" coveredstatements="30" conditionals="8" coveredconditionals="7" methods="4" coveredmethods="4" elements="46" coveredelements="41" complexity="0" loc="34" ncloc="34" packages="1" files="2" classes="2"/>
    <file name="person.js" path="/Users/thiagohofmeister/dev/workspace/tajs/modulo03-conceitos-tajs/aula05-code-coverage/src/person.js">
      <metrics statements="9" coveredstatements="9" conditionals="1" coveredconditionals="1" methods="1" coveredmethods="1"/>
      <line num="1" count="1" type="cond" truecount="1" falsecount="0"/>
      <line num="2" count="3" type="stmt"/>
      <line num="3" count="3" type="stmt"/>
      <line num="4" count="3" type="stmt"/>
      <line num="5" count="3" type="stmt"/>
      <line num="6" count="3" type="stmt"/>
      <line num="7" count="3" type="stmt"/>
      <line num="8" count="3" type="stmt"/>
      <line num="9" count="3" type="stmt"/>
    </file>
    <file name="task.js" path="/Users/thiagohofmeister/dev/workspace/tajs/modulo03-conceitos-tajs/aula05-code-coverage/src/task.js">
      <metrics statements="25" coveredstatements="21" conditionals="7" coveredconditionals="6" methods="3" coveredmethods="3"/>
      <line num="1" count="1" type="cond" truecount="1" falsecount="0"/>
      <line num="2" count="1" type="stmt"/>
      <line num="3" count="1" type="cond" truecount="1" falsecount="0"/>
      <line num="4" count="2" type="stmt"/>
      <line num="5" count="2" type="stmt"/>
      <line num="6" count="2" type="stmt"/>
      <line num="7" count="1" type="cond" truecount="1" falsecount="0"/>
      <line num="8" count="1" type="cond" truecount="1" falsecount="0"/>
      <line num="9" count="50" type="stmt"/>
      <line num="10" count="50" type="stmt"/>
      <line num="11" count="50" type="cond" truecount="0" falsecount="1"/>
      <line num="12" count="0" type="stmt"/>
      <line num="13" count="0" type="stmt"/>
      <line num="14" count="0" type="stmt"/>
      <line num="15" count="0" type="stmt"/>
      <line num="16" count="50" type="stmt"/>
      <line num="17" count="50" type="cond" truecount="1" falsecount="0"/>
      <line num="18" count="75" type="cond" truecount="1" falsecount="0"/>
      <line num="19" count="2" type="stmt"/>
      <line num="20" count="2" type="stmt"/>
      <line num="21" count="2" type="stmt"/>
      <line num="22" count="75" type="stmt"/>
      <line num="23" count="1" type="stmt"/>
      <line num="24" count="1" type="stmt"/>
      <line num="25" count="1" type="stmt"/>
    </file>
  </project>
</coverage>
